Start testing: Jul 01 00:29 W. Europe Daylight Time
----------------------------------------------------------
1/3 Testing: test_core
1/3 Test: test_core
Command: "C:/Users/Mark/Projects/WinInspect/bld/test_core.exe"
Directory: C:/Users/Mark/projects/WinInspect
"test_core" start time: Jul 01 00:29 W. Europe Daylight Time
Output:
----------------------------------------------------------
[2026-07-01 00:29:21] [WARN] Method not implemented: nonexistent.method
[2026-07-01 00:29:21] [ERROR] Request failed: missing hwnd
[2026-07-01 00:29:21] [ERROR] Request failed: missing hwnd/msg
[2026-07-01 00:29:21] [ERROR] Request failed: missing data_b64
[2026-07-01 00:29:21] [ERROR] Request failed: events.poll requires two snapshots
[doctest] OK (79 tests)
<end of output>
Test time =   0.02 sec
----------------------------------------------------------
Test Passed.
"test_core" end time: Jul 01 00:29 W. Europe Daylight Time
"test_core" time elapsed: 00:00:00
----------------------------------------------------------

2/3 Testing: test_gui_viewmodel
2/3 Test: test_gui_viewmodel
Command: "C:/Users/Mark/Projects/WinInspect/bld/test_gui_viewmodel.exe"
Directory: C:/Users/Mark/projects/WinInspect
"test_gui_viewmodel" start time: Jul 01 00:29 W. Europe Daylight Time
Output:
----------------------------------------------------------
[doctest] OK (2 tests)
<end of output>
Test time =   0.01 sec
----------------------------------------------------------
Test Passed.
"test_gui_viewmodel" end time: Jul 01 00:29 W. Europe Daylight Time
"test_gui_viewmodel" time elapsed: 00:00:00
----------------------------------------------------------

3/3 Testing: test_discovery
3/3 Test: test_discovery
Command: "C:/Users/Mark/Projects/WinInspect/bld/test_discovery.exe"
Directory: C:/Users/Mark/projects/WinInspect
"test_discovery" start time: Jul 01 00:29 W. Europe Daylight Time
Output:
----------------------------------------------------------
Received: {"type":"announcement","hostname":"test-host"}
Discovery Integration Test: PASSED
<end of output>
Test time =   1.02 sec
----------------------------------------------------------
Test Passed.
"test_discovery" end time: Jul 01 00:29 W. Europe Daylight Time
"test_discovery" time elapsed: 00:00:01
----------------------------------------------------------

End testing: Jul 01 00:29 W. Europe Daylight Time
